Polygon #1: 1 4 2 3 
Polygon #2: 10 9 4 8 5 2 6 1 7 3 
Polygon #3: 4 6 2 5 3 1 
Polygon #4: 25 26 17 18 27 28 19 20 24 23 21 22 43 44 36 35 39 40 32 31 8 7 14 13 6 5 12 11 4 3 10 9 2 1 29 30 38 37 33 34 42 41 15 16 
Polygon #5: 5 6 26 25 8 7 21 22 12 11 18 17 16 15 13 14 20 19 9 10 24 23 4 3 2 1 
Polygon #6: 4 6 2 5 3 1 
Polygon #7: 1 4 2 3 
Polygon #8: 3 4 7 10 2 6 8 5 1 9 
Polygon #9: 3 9 8 4 6 1 5 7 10 2 
Polygon #10: 1 5 9 2 4 7 3 6 10 8 
Polygon #11: 7 9 1 3 2 6 8 10 5 4 
Polygon #12: 3 7 5 2 10 1 9 4 6 8 
Polygon #13: 9 4 5 8 2 3 6 10 1 7 
Polygon #14: 8 4 5 6 10 7 9 3 2 1 
Polygon #15: 9 6 10 5 7 4 2 1 8 3 
Polygon #16: 5 3 10 1 9 4 8 2 7 6 
Polygon #17: 9 8 3 2 10 4 5 6 7 1 
Polygon #18: 12 9 2 11 10 8 1 6 3 4 7 5 
Polygon #19: 4 10 5 12 8 3 1 11 6 7 9 2 
Polygon #20: 1 6 8 7 11 12 5 10 2 9 4 3 
Polygon #21: 6 8 3 5 7 11 10 1 2 12 4 9 
Polygon #22: 8 12 1 11 7 5 6 10 9 4 3 2 
Polygon #23: 6 8 7 1 11 10 2 4 12 5 9 3 
Polygon #24: 4 1 6 10 8 7 9 5 11 2 12 3 
Polygon #25: 8 11 4 7 10 3 6 9 12 5 1 2 
Polygon #26: 1 4 5 10 2 8 12 9 3 6 7 11 
Polygon #27: 5 4 7 1 6 9 3 12 10 8 2 11 
Polygon #28: 6 7 3 1 8 10 12 11 4 5 2 9 
Polygon #29: 2 7 8 10 3 5 6 12 9 1 4 11 
Polygon #30: 12 5 9 8 3 6 11 1 2 4 10 7 
Polygon #31: 3 9 8 6 2 11 4 5 10 12 7 1 
Polygon #32: 2 10 11 4 14 5 8 13 12 9 6 3 7 1 
Polygon #33: 13 9 12 7 14 10 2 6 8 5 4 1 11 3 
Polygon #34: 2 11 10 4 8 14 1 7 13 9 3 5 6 12 
Polygon #35: 13 9 14 10 7 4 3 2 8 5 6 12 11 1 
Polygon #36: 12 3 10 2 8 6 11 13 1 5 9 7 4 14 
Polygon #37: 14 2 8 11 4 13 1 6 9 10 3 5 12 7 
Polygon #38: 1 7 12 10 4 14 5 2 11 13 3 8 9 6 
Polygon #39: 3 6 8 10 2 5 4 11 12 1 7 13 14 9 
Polygon #40: 14 3 10 11 6 2 4 13 5 1 9 7 8 12 
Polygon #41: 3 4 9 7 11 5 8 10 14 2 6 1 12 13 
Polygon #42: 2 16 12 8 4 11 14 6 1 9 3 7 13 15 5 10 
Polygon #43: 2 10 16 7 13 5 1 9 8 3 12 14 15 4 11 6 
Polygon #44: 13 7 2 16 3 5 14 1 10 12 11 15 8 4 9 6 
Polygon #45: 4 3 8 7 13 16 14 10 5 11 6 12 15 2 1 9 
Polygon #46: 13 2 15 1 10 11 8 16 7 6 3 9 14 12 4 5 
Polygon #47: 13 10 1 6 7 14 8 16 4 3 12 2 9 5 11 15 
Polygon #48: 15 12 16 10 11 4 8 7 6 2 5 1 9 14 3 13 
Polygon #49: 15 2 14 10 3 7 16 4 9 13 1 8 12 11 5 6 
Polygon #50: 15 13 9 4 7 18 5 1 2 16 10 8 3 6 14 11 17 12 
Polygon #51: 10 5 12 1 6 7 4 18 16 17 13 14 11 15 8 2 3 9 
Polygon #52: 11 18 7 9 6 5 14 16 12 4 10 1 2 8 15 13 3 17 
Polygon #53: 4 17 11 13 15 16 5 18 3 6 7 12 9 10 2 1 8 14 
Polygon #54: 16 12 1 14 3 6 2 7 8 18 9 13 10 15 11 17 5 4 
Polygon #55: 13 6 15 5 16 1 11 18 17 12 9 8 14 2 7 10 4 3 
Polygon #56: 4 13 8 16 17 15 11 9 5 7 1 14 20 2 19 12 10 6 3 18 
Polygon #57: 19 13 10 3 16 11 12 14 1 7 15 8 17 9 4 20 6 2 5 18 
Polygon #58: 5 3 11 1 12 20 8 13 14 9 4 16 15 7 6 19 18 10 2 17 
Polygon #59: 7 2 16 9 8 14 10 13 19 5 3 12 1 11 4 15 17 20 18 6 
Polygon #60: 6 8 3 1 11 5 4 17 18 19 14 2 20 9 7 10 16 12 13 15 
Polygon #61: 5 1 20 4 2 10 18 14 7 6 22 19 12 8 3 13 16 9 21 11 17 15 
Polygon #62: 22 21 14 10 19 13 1 18 20 7 8 11 9 4 16 17 15 12 3 2 5 6 
Polygon #63: 16 21 10 22 12 5 6 9 18 13 3 19 14 7 20 11 15 17 2 4 8 1 
Polygon #64: 4 5 15 7 19 21 22 8 20 12 11 18 17 14 3 2 16 9 1 6 10 13 
Polygon #65: 22 18 16 20 1 9 24 2 21 11 19 14 7 12 10 6 4 13 5 17 15 3 8 23 
Polygon #66: 22 2 6 15 21 14 11 5 18 4 8 9 20 7 17 3 1 19 23 24 12 16 10 13 
Polygon #67: 8 22 10 1 21 11 14 9 23 13 6 7 19 2 12 24 3 20 18 15 4 5 16 17 
Polygon #68: 18 11 16 19 17 8 2 20 25 5 14 1 12 22 13 15 26 21 4 7 9 10 23 24 3 6 
Polygon #69: 9 16 26 23 17 3 8 2 7 4 6 22 13 25 18 21 11 1 19 24 5 20 15 14 12 10 
Polygon #70: 1 22 17 12 23 15 10 21 26 16 2 3 11 4 6 8 5 25 9 7 14 24 13 20 19 18 
Polygon #71: 21 13 17 26 22 12 7 18 8 23 5 19 2 9 24 25 10 6 15 27 11 3 16 1 20 28 4 14 
Polygon #72: 10 18 6 23 14 2 16 19 20 26 3 13 12 1 24 5 4 21 17 7 22 8 27 11 28 25 9 15 
Polygon #73: 6 19 14 13 7 3 5 8 27 28 16 21 11 15 2 20 22 12 25 23 10 9 18 17 24 26 1 4 
Polygon #74: 6 28 25 12 9 10 26 11 22 21 19 24 14 29 13 23 5 1 15 4 3 20 7 17 27 30 2 16 8 18 
Polygon #75: 13 28 7 30 16 23 4 19 17 25 14 5 24 11 22 2 26 20 18 8 3 21 10 15 12 29 1 6 27 9 
Polygon #76: 20 4 13 6 8 30 21 31 18 32 19 3 28 9 26 14 16 1 11 15 27 25 10 23 5 17 7 29 24 2 12 22 
Polygon #77: 14 13 32 4 11 12 2 3 31 5 6 20 27 26 17 7 10 15 16 23 28 30 1 9 24 25 18 8 21 29 19 22 
Polygon #78: 1 8 23 2 19 31 34 11 6 7 16 33 4 22 18 32 24 13 9 21 25 10 17 26 15 3 30 14 29 28 12 5 20 27 
Polygon #79: 11 22 8 17 4 25 3 20 26 31 30 33 1 9 15 7 34 2 19 27 10 16 13 18 32 12 5 24 29 23 14 28 21 6 
Polygon #80: 26 34 23 10 12 1 31 8 27 9 21 19 32 18 2 6 3 14 20 13 36 24 33 29 15 35 16 7 22 17 11 4 5 30 28 25 
Polygon #81: 5 31 28 13 14 24 1 29 7 25 8 30 11 20 27 38 15 17 37 32 4 22 21 9 6 16 3 12 23 34 33 18 35 10 2 26 36 19 
Polygon #82: 7 6 32 20 15 34 19 3 21 25 11 12 33 24 13 30 37 17 5 27 29 4 23 38 9 28 35 36 8 31 16 18 26 14 10 22 2 1 
Polygon #83: 10 14 12 28 21 7 38 20 31 39 40 8 6 13 18 32 27 2 19 23 3 33 24 30 22 11 5 37 4 9 36 17 16 26 35 1 25 15 29 34 
Polygon #84: 5 38 18 25 8 27 16 20 19 6 34 24 15 40 36 2 13 30 39 26 33 41 12 4 14 22 17 3 1 32 28 11 9 7 21 31 42 29 10 37 35 23 
Polygon #85: 7 16 13 18 24 42 17 14 5 10 41 31 3 1 2 23 19 9 8 40 39 37 32 35 29 26 34 28 27 12 21 20 30 15 33 11 44 38 6 22 25 36 4 43 
Polygon #86: 40 4 5 39 43 24 11 7 22 34 30 29 6 16 17 19 41 12 1 21 8 36 32 28 31 26 15 2 3 45 27 18 14 44 42 13 20 46 23 9 33 25 38 10 35 37 
Polygon #87: 34 36 3 7 35 32 22 33 12 24 29 43 19 25 31 14 30 37 21 9 38 39 28 47 42 13 26 48 27 1 6 11 46 5 45 10 40 8 18 23 16 2 41 15 20 17 4 44 
Polygon #88: 22 5 24 10 17 18 44 27 23 13 41 43 26 14 32 15 3 11 46 29 21 2 49 50 33 16 7 39 8 28 40 38 45 1 19 12 48 6 36 37 30 25 34 42 9 31 47 4 20 35 
Polygon #89: 7 2 9 8 4 1 10 5 6 3 
Polygon #90: 3 10 9 4 8 1 7 5 6 2 
Polygon #91: 10 3 2 6 9 5 8 7 1 4 
Polygon #92: 2 10 5 9 1 3 4 7 6 8 
Polygon #93: 5 9 6 7 1 4 10 8 2 3 
Polygon #94: 3 2 10 8 4 6 7 5 1 9 
Polygon #95: 4 10 9 1 6 7 2 3 8 5 
Polygon #96: 4 7 1 2 8 9 3 10 6 5 
Polygon #97: 3 9 1 5 6 4 10 2 7 8 
Polygon #98: 7 9 6 1 10 2 3 5 8 4 
Polygon #99: 4 9 1 6 11 3 8 10 5 7 2 12 
Polygon #100: 9 3 6 7 4 10 1 5 11 12 2 8 
Polygon #101: 6 4 3 5 10 2 12 9 8 11 7 1 
Polygon #102: 7 3 10 6 4 2 8 11 9 1 5 12 
Polygon #103: 4 12 1 8 6 10 5 9 7 3 11 2 
Polygon #104: 5 6 11 10 1 7 8 4 2 3 12 9 
Polygon #105: 7 5 1 8 3 10 6 9 4 11 12 2 
Polygon #106: 1 11 10 9 4 8 7 5 12 3 2 6 
Polygon #107: 11 7 2 3 8 4 6 10 12 9 5 1 
Polygon #108: 5 8 7 11 10 3 2 6 12 9 1 4 
Polygon #109: 8 2 5 11 4 9 10 12 3 1 7 6 
Polygon #110: 7 10 9 11 2 4 12 5 8 6 1 3 
Polygon #111: 8 7 12 10 6 2 4 9 5 3 1 11 
Polygon #112: 12 10 4 7 9 2 5 6 11 3 8 1 
Polygon #113: 6 4 14 2 9 8 10 12 3 7 5 1 11 13 
Polygon #114: 13 9 7 10 14 6 8 11 1 2 3 4 12 5 
Polygon #115: 10 2 4 12 5 6 8 3 9 1 7 11 14 13 
Polygon #116: 8 12 6 5 3 2 10 1 13 7 4 14 11 9 
Polygon #117: 7 9 3 6 4 14 10 12 11 1 5 8 13 2 
Polygon #118: 3 8 10 12 7 14 4 5 11 2 9 1 6 13 
Polygon #119: 11 9 10 5 2 7 13 14 1 3 4 8 12 6 
Polygon #120: 12 2 3 9 6 14 10 7 1 11 8 13 4 5 
Polygon #121: 9 13 14 2 4 6 11 8 1 3 10 5 7 12 
Polygon #122: 14 1 7 6 10 2 4 11 5 3 9 12 8 13 
Polygon #123: 16 7 13 5 9 15 4 12 14 1 11 3 2 8 6 10 
Polygon #124: 9 7 8 3 15 6 1 10 4 11 14 16 2 13 12 5 
Polygon #125: 10 12 14 11 1 2 8 13 6 7 9 5 3 16 4 15 
Polygon #126: 12 3 1 14 9 4 15 13 16 5 2 8 10 6 11 7 
Polygon #127: 9 1 2 16 7 10 5 8 14 13 11 3 6 12 4 15 
Polygon #128: 9 11 16 1 13 2 7 10 4 3 15 5 6 12 14 8 
Polygon #129: 15 11 10 14 2 9 4 13 1 16 12 3 7 8 6 5 
Polygon #130: 16 8 13 3 5 7 12 6 10 2 1 9 11 4 14 15 
Polygon #131: 4 10 2 8 14 18 7 13 17 6 3 9 11 5 12 1 16 15 
Polygon #132: 6 5 18 14 11 1 3 2 16 15 13 4 9 12 7 8 17 10 
Polygon #133: 6 7 18 3 2 8 9 14 17 1 5 13 12 4 10 15 11 16 
Polygon #134: 13 9 1 6 16 17 10 18 4 14 5 8 12 3 15 11 7 2 
Polygon #135: 4 9 8 18 6 15 5 1 12 14 7 10 2 3 17 13 11 16 
Polygon #136: 8 12 5 14 7 16 3 2 11 15 9 10 4 18 13 1 17 6 
Polygon #137: 7 4 18 13 3 5 14 17 10 15 8 9 1 11 20 6 16 2 19 12 
Polygon #138: 4 19 14 7 20 17 15 2 12 5 18 8 11 3 16 9 1 6 10 13 
Polygon #139: 8 9 10 17 1 5 19 2 4 15 16 13 11 7 14 6 20 18 3 12 
Polygon #140: 16 15 4 20 5 8 7 19 17 6 2 1 13 14 10 11 18 3 9 12 
Polygon #141: 16 14 5 8 10 12 3 18 17 15 11 13 4 9 2 19 7 1 6 20 
Polygon #142: 13 8 19 2 3 14 4 22 11 16 21 6 18 7 10 5 15 9 1 17 20 12 
Polygon #143: 14 21 9 22 3 11 8 17 13 1 16 4 19 7 20 5 18 10 6 12 15 2 
Polygon #144: 9 12 7 20 6 16 15 8 19 2 3 4 21 22 18 11 13 14 10 5 17 1 
Polygon #145: 7 10 19 14 16 5 17 6 20 4 21 9 1 13 11 2 8 22 3 15 12 18 
Polygon #146: 9 18 15 14 2 8 4 22 24 5 17 16 1 13 19 7 3 21 10 6 12 11 20 23 
Polygon #147: 9 13 8 6 4 20 19 3 18 17 21 10 23 14 2 7 22 1 15 12 24 16 11 5 
Polygon #148: 14 8 10 19 4 13 1 21 15 16 12 24 5 17 7 6 3 20 9 23 11 2 22 18 
Polygon #149: 15 16 24 9 3 5 11 20 23 12 7 6 4 8 14 21 25 18 17 19 26 10 1 22 13 2 
Polygon #150: 18 8 5 24 26 2 21 11 14 20 4 1 13 25 10 17 9 7 22 6 3 12 15 19 16 23 
Polygon #151: 13 14 21 26 19 6 20 11 1 5 12 4 9 22 17 25 3 15 24 18 23 10 16 7 2 8 
Polygon #152: 21 3 25 23 11 6 13 27 16 18 26 5 17 22 24 4 2 19 7 1 12 10 20 8 14 15 9 28 
Polygon #153: 2 1 23 28 21 12 10 20 15 24 17 7 26 19 16 11 9 5 25 4 27 13 18 8 3 6 14 22 
Polygon #154: 6 9 18 13 23 3 8 16 12 5 19 27 2 1 24 26 4 15 11 10 20 21 7 28 14 17 25 22 
Polygon #155: 21 4 2 14 11 15 29 27 18 9 16 26 10 22 6 28 24 19 1 8 12 20 17 3 13 7 25 5 30 23 
Polygon #156: 14 26 18 16 7 15 11 5 21 3 10 29 6 19 17 8 24 2 13 28 12 1 9 30 23 25 27 4 22 20 
Polygon #157: 8 7 31 9 19 26 6 23 4 17 30 16 13 5 20 22 21 29 32 11 15 18 28 3 27 14 10 25 2 1 24 12 
Polygon #158: 14 20 1 21 5 13 12 4 16 2 11 15 18 27 3 22 25 26 31 24 7 6 10 29 28 23 19 17 9 30 32 8 
Polygon #159: 28 20 29 26 15 25 31 24 17 22 2 4 32 9 16 1 27 11 12 5 13 14 21 6 10 8 33 7 30 23 34 18 19 3 
Polygon #160: 23 24 26 32 29 11 21 14 25 27 6 15 28 3 19 2 17 18 1 13 4 10 34 5 8 20 7 30 16 9 12 33 31 22 
Polygon #161: 9 14 30 25 27 29 19 11 22 15 18 26 31 32 36 33 1 24 8 5 21 12 3 4 13 2 23 6 34 20 7 10 17 28 35 16 
Polygon #162: 6 17 24 20 34 31 25 16 29 5 12 19 18 4 38 10 32 27 37 11 15 26 35 13 28 23 3 36 9 2 1 14 8 7 22 21 33 30 
Polygon #163: 2 21 11 5 24 14 9 20 32 25 30 23 1 4 22 26 28 3 15 6 33 34 12 16 29 38 13 18 17 35 31 27 36 37 19 8 10 7 
Polygon #164: 7 20 30 10 27 21 1 31 12 6 28 25 17 32 22 9 37 8 15 35 4 40 18 13 23 5 3 26 24 11 34 33 2 16 38 19 39 29 14 36 
Polygon #165: 42 29 13 37 20 6 28 23 17 40 32 12 34 33 4 7 16 15 3 27 2 1 5 22 8 38 30 39 24 11 36 26 21 25 14 41 9 31 18 19 35 10 
Polygon #166: 41 27 3 14 39 1 2 15 34 5 6 12 33 40 23 31 18 4 29 8 7 35 22 32 26 11 37 42 9 16 19 43 25 44 24 28 10 17 36 30 38 13 20 21 
Polygon #167: 41 33 43 31 29 36 25 11 15 34 4 27 46 5 10 38 6 13 23 45 1 28 9 22 20 40 30 32 18 16 8 17 19 44 37 2 42 35 24 3 7 39 21 12 26 14 
Polygon #168: 9 33 43 10 48 31 14 18 3 45 7 8 47 11 21 17 27 38 12 6 40 2 1 4 34 30 15 32 46 20 44 5 24 42 23 29 26 41 37 22 19 35 16 25 39 36 28 13 
Polygon #169: 18 26 38 22 9 28 14 42 27 48 29 24 46 34 17 2 21 40 50 43 49 32 15 10 13 36 44 30 35 47 25 19 1 12 7 20 16 45 31 5 3 23 33 4 41 6 8 11 39 37 
