Pentagon #1:
1 2 2 3 1

Pentagon #2:
97 1 1 2 0

Pentagon #3:
0 999 0 0 0

Pentagon #4:
0 0 0 999 0

Pentagon #5:
1 0 0 0 0

Pentagon #6:
1 2 3 4 5

Pentagon #7:
0 0 0 1 0

Pentagon #8:
200 0 200 399 0

Pentagon #9:
199 0 199 0 201

Pentagon #10:
3 198 0 198 0

Pentagon #11:
0 4 191 0 4

Pentagon #12:
0 9 81 0 9

Pentagon #13:
4 0 4 0 51

Pentagon #14:
13 3 0 13 0

Pentagon #15:
3 8 0 8 0

Pentagon #16:
5 0 5 4 0

Pentagon #17:
0 2 0 7 2

Pentagon #18:
1 0 8 1 0

Pentagon #19:
1 0 9 0 0

Pentagon #20:
6 6 18 18 26

Pentagon #21:
310 48 180 10 13

Pentagon #22:
18 3 5 4 4

Pentagon #23:
3 32 4 26 1

Pentagon #24:
20 22 10 8 18

Pentagon #25:
1 1 12 52 4

Pentagon #26:
4 5 10 9 1

Pentagon #27:
34 71 20 3 17

Pentagon #28:
14 4 14 36 5

Pentagon #29:
7 1 10 4 1

Pentagon #30:
51 30 6 14 21

Pentagon #31:
8 38 21 29 5

Pentagon #32:
10 1 3 3 9

Pentagon #33:
32 7 20 24 46

Pentagon #34:
40 11 18 85 31

Pentagon #35:
21 12 22 9 52

Pentagon #36:
0 5 4 0 11

Pentagon #37:
14 27 17 5 3

Pentagon #38:
66 5 31 75 5

Pentagon #39:
62 78 21 4 30

Pentagon #40:
1 2 2 5 3

Pentagon #41:
29 0 11 35 0

Pentagon #42:
4 7 64 27 5

Pentagon #43:
18 3 29 3 29

Pentagon #44:
0 1 997 0 1

Pentagon #45:
99 104 114 105 115

